0 info it worked if it ends with ok
1 verbose cli [ '/usr/local/bin/node', '/usr/local/bin/npm', 'run', 'lint' ]
2 info using npm@4.1.2
3 info using node@v6.9.4
4 verbose run-script [ 'prelint', 'lint', 'postlint' ]
5 info lifecycle presidents@1.0.0~prelint: presidents@1.0.0
6 silly lifecycle presidents@1.0.0~prelint: no script for prelint, continuing
7 info lifecycle presidents@1.0.0~lint: presidents@1.0.0
8 verbose lifecycle presidents@1.0.0~lint: unsafe-perm in lifecycle true
9 verbose lifecycle presidents@1.0.0~lint: PATH: /usr/local/lib/node_modules/npm/bin/node-gyp-bin:/Users/mgwalker/Documents/Source/presidents/node_modules/.bin:/Users/mgwalker/.rvm/gems/ruby-2.3.1/bin:/Users/mgwalker/.rvm/gems/ruby-2.3.1@global/bin:/Users/mgwalker/.rvm/rubies/ruby-2.3.1/bin:/Users/mgwalker/.pyenv/shims:/Users/mgwalker/.pyenv/bin:/usr/local/bin:/usr/bin:/bin:/usr/sbin:/sbin:/Applications/Postgres.app/Contents/Versions/9.6/bin:/Users/mgwalker/.rvm/bin
10 verbose lifecycle presidents@1.0.0~lint: CWD: /Users/mgwalker/Documents/Source/presidents
11 silly lifecycle presidents@1.0.0~lint: Args: [ '-c', 'eslint --fix \'**/*.js\'' ]
12 silly lifecycle presidents@1.0.0~lint: Returned: code: 1  signal: null
13 info lifecycle presidents@1.0.0~lint: Failed to exec lint script
14 verbose stack Error: presidents@1.0.0 lint: `eslint --fix '**/*.js'`
14 verbose stack Exit status 1
14 verbose stack     at EventEmitter.<anonymous> (/usr/local/lib/node_modules/npm/lib/utils/lifecycle.js:279:16)
14 verbose stack     at emitTwo (events.js:106:13)
14 verbose stack     at EventEmitter.emit (events.js:191:7)
14 verbose stack     at ChildProcess.<anonymous> (/usr/local/lib/node_modules/npm/lib/utils/spawn.js:40:14)
14 verbose stack     at emitTwo (events.js:106:13)
14 verbose stack     at ChildProcess.emit (events.js:191:7)
14 verbose stack     at maybeClose (internal/child_process.js:877:16)
14 verbose stack     at Process.ChildProcess._handle.onexit (internal/child_process.js:226:5)
15 verbose pkgid presidents@1.0.0
16 verbose cwd /Users/mgwalker/Documents/Source/presidents
17 error Darwin 16.4.0
18 error argv "/usr/local/bin/node" "/usr/local/bin/npm" "run" "lint"
19 error node v6.9.4
20 error npm  v4.1.2
21 error code ELIFECYCLE
22 error presidents@1.0.0 lint: `eslint --fix '**/*.js'`
22 error Exit status 1
23 error Failed at the presidents@1.0.0 lint script 'eslint --fix '**/*.js''.
23 error Make sure you have the latest version of node.js and npm installed.
23 error If you do, this is most likely a problem with the presidents package,
23 error not with npm itself.
23 error Tell the author that this fails on your system:
23 error     eslint --fix '**/*.js'
23 error You can get information on how to open an issue for this project with:
23 error     npm bugs presidents
23 error Or if that isn't available, you can get their info via:
23 error     npm owner ls presidents
23 error There is likely additional logging output above.
24 verbose exit [ 1, true ]
